<?xml version="1.0" encoding="UTF-8"?>
<!-- Generated by org.testng.reporters.JUnitReportReporter -->
<testsuite hostname="scblack-5530" failures="0" tests="2" name="edu.utexas.tacc.tapis.search.ParserTest" time="0.025" errors="0" timestamp="14 Sep 2020 23:38:28 GMT" skipped="0">
  <testcase classname="edu.utexas.tacc.tapis.search.ParserTest" name="badFilters" time="0.021"/>
  <testcase classname="edu.utexas.tacc.tapis.search.ParserTest" name="goodFilters" time="0.004"/>
</testsuite> <!-- edu.utexas.tacc.tapis.search.ParserTest -->
