<?xml version="1.0" encoding="UTF-8"?>
<!-- Generated by org.testng.reporters.JUnitReportReporter -->
<testsuite hostname="scblack-5530" failures="0" tests="1" name="edu.utexas.tacc.tapis.search.parser.ASTParserTest" time="0.013" errors="0" timestamp="14 Sep 2020 23:38:28 GMT" skipped="0">
  <testcase classname="edu.utexas.tacc.tapis.search.parser.ASTParserTest" name="testASTParseValid" time="0.013"/>
</testsuite> <!-- edu.utexas.tacc.tapis.search.parser.ASTParserTest -->
