<?xml version="1.0" encoding="UTF-8"?>
<!-- Generated by org.testng.reporters.JUnitReportReporter -->
<testsuite hostname="scblack-5530" failures="0" tests="6" name="edu.utexas.tacc.tapis.search.SearchUtilsTest" time="0.138" errors="0" timestamp="14 Sep 2020 23:38:28 GMT" skipped="0">
  <testcase classname="edu.utexas.tacc.tapis.search.SearchUtilsTest" name="testValidateAndExtractSearchListInvalid" time="0.019"/>
  <testcase classname="edu.utexas.tacc.tapis.search.SearchUtilsTest" name="testBuildListFromQueryParmsValid" time="0.066"/>
  <testcase classname="edu.utexas.tacc.tapis.search.SearchUtilsTest" name="testIsTimestamp" time="0.005"/>
  <testcase classname="edu.utexas.tacc.tapis.search.SearchUtilsTest" name="testValidateAndExtractSearchListValid" time="0.009"/>
  <testcase classname="edu.utexas.tacc.tapis.search.SearchUtilsTest" name="testCamelCaseToSnakeCase" time="0.001"/>
  <testcase classname="edu.utexas.tacc.tapis.search.SearchUtilsTest" name="testConvertValuesToTimestamps" time="0.038"/>
</testsuite> <!-- edu.utexas.tacc.tapis.search.SearchUtilsTest -->
