<?xml version="1.0" encoding="UTF-8"?>
<!-- Generated by org.testng.reporters.JUnitReportReporter -->
<testsuite hostname="scblack-5530" failures="0" tests="1" name="edu.utexas.tacc.tapis.shareddb.TapisDBUtilsTest" time="0.011" errors="0" timestamp="14 Sep 2020 23:38:20 GMT" skipped="0">
  <testcase classname="edu.utexas.tacc.tapis.shareddb.TapisDBUtilsTest" name="escapeSqlWildcardsTest" time="0.011"/>
</testsuite> <!-- edu.utexas.tacc.tapis.shareddb.TapisDBUtilsTest -->
