<?xml version="1.0" encoding="UTF-8"?>
<!-- Generated by org.testng.reporters.JUnitReportReporter -->
<testsuite hostname="scblack-5530" failures="0" tests="2" name="edu.utexas.tacc.tapis.sharedapi.jwt.JJWTTestNGTest" time="1.966" errors="0" timestamp="14 Sep 2020 23:38:26 GMT" skipped="1">
  <testcase classname="edu.utexas.tacc.tapis.sharedapi.jwt.JJWTTestNGTest" name="useKeyGen" time="1.966"/>
  <testcase classname="edu.utexas.tacc.tapis.sharedapi.jwt.JJWTTestNGTest" name="useKeystore">
    <skipped/>
  </testcase> <!-- useKeystore -->
</testsuite> <!-- edu.utexas.tacc.tapis.sharedapi.jwt.JJWTTestNGTest -->
