<?xml version="1.0" encoding="UTF-8"?>
<!-- Generated by org.testng.reporters.JUnitReportReporter -->
<testsuite hostname="scblack-5530" failures="0" tests="1" name="edu.utexas.tacc.tapis.sharedapi.keys.CreateKeyTest" time="0.859" errors="0" timestamp="14 Sep 2020 23:38:26 GMT" skipped="0">
  <testcase classname="edu.utexas.tacc.tapis.sharedapi.keys.CreateKeyTest" name="createKeyTest" time="0.859"/>
</testsuite> <!-- edu.utexas.tacc.tapis.sharedapi.keys.CreateKeyTest -->
