<?xml version="1.0" encoding="UTF-8"?>
<!-- Generated by org.testng.reporters.JUnitReportReporter -->
<testsuite hostname="scblack-5530" failures="0" tests="5" name="edu.utexas.tacc.tapis.sharedapi.dto.ResponseWrapperTest" time="0.036" errors="0" timestamp="14 Sep 2020 23:38:26 GMT" skipped="0">
  <testcase classname="edu.utexas.tacc.tapis.sharedapi.dto.ResponseWrapperTest" name="ResponseWrapperTest3" time="0.001"/>
  <testcase classname="edu.utexas.tacc.tapis.sharedapi.dto.ResponseWrapperTest" name="ResponseWrapperTest1" time="0.033"/>
  <testcase classname="edu.utexas.tacc.tapis.sharedapi.dto.ResponseWrapperTest" name="ResponseWrapperTest5" time="0.001"/>
  <testcase classname="edu.utexas.tacc.tapis.sharedapi.dto.ResponseWrapperTest" name="ResponseWrapperTest2" time="0.000"/>
  <testcase classname="edu.utexas.tacc.tapis.sharedapi.dto.ResponseWrapperTest" name="ResponseWrapperTest4" time="0.001"/>
</testsuite> <!-- edu.utexas.tacc.tapis.sharedapi.dto.ResponseWrapperTest -->
