<?xml version="1.0" encoding="UTF-8"?>
<testsuite xmlns:xsi="http://www.w3.org/2001/XMLSchema-instance" xsi:noNamespaceSchemaLocation="https://maven.apache.org/surefire/maven-surefire-plugin/xsd/surefire-test-report.xsd" name="TestSuite" time="3.162" tests="7" errors="0" skipped="0" failures="0">
  <properties>
    <property name="java.specification.version" value="13"/>
    <property name="sun.jnu.encoding" value="UTF-8"/>
    <property name="java.class.path" value="/home/scblack/src_git/github/dev2/tapis-shared-java/tapis-shared-api/target/test-classes:/home/scblack/src_git/github/dev2/tapis-shared-java/tapis-shared-api/target/classes:/home/scblack/src_git/github/dev2/tapis-shared-java/tapis-shared-lib/target/lib.jar:/home/scblack/.m2/repository/ch/qos/logback/logback-classic/1.2.3/logback-classic-1.2.3.jar:/home/scblack/.m2/repository/ch/qos/logback/logback-core/1.2.3/logback-core-1.2.3.jar:/home/scblack/.m2/repository/org/slf4j/slf4j-api/1.7.25/slf4j-api-1.7.25.jar:/home/scblack/.m2/repository/com/sun/mail/javax.mail/1.6.2/javax.mail-1.6.2.jar:/home/scblack/.m2/repository/com/github/everit-org/json-schema/org.everit.json.schema/1.12.1/org.everit.json.schema-1.12.1.jar:/home/scblack/.m2/repository/org/json/json/20190722/json-20190722.jar:/home/scblack/.m2/repository/commons-validator/commons-validator/1.6/commons-validator-1.6.jar:/home/scblack/.m2/repository/commons-digester/commons-digester/1.8.1/commons-digester-1.8.1.jar:/home/scblack/.m2/repository/commons-logging/commons-logging/1.2/commons-logging-1.2.jar:/home/scblack/.m2/repository/commons-collections/commons-collections/3.2.2/commons-collections-3.2.2.jar:/home/scblack/.m2/repository/com/damnhandy/handy-uri-templates/2.1.8/handy-uri-templates-2.1.8.jar:/home/scblack/.m2/repository/joda-time/joda-time/2.10.2/joda-time-2.10.2.jar:/home/scblack/.m2/repository/com/google/re2j/re2j/1.3/re2j-1.3.jar:/home/scblack/.m2/repository/com/google/guava/guava/28.0-jre/guava-28.0-jre.jar:/home/scblack/.m2/repository/com/google/guava/failureaccess/1.0.1/failureaccess-1.0.1.jar:/home/scblack/.m2/repository/com/google/guava/listenablefuture/9999.0-empty-to-avoid-conflict-with-guava/listenablefuture-9999.0-empty-to-avoid-conflict-with-guava.jar:/home/scblack/.m2/repository/org/checkerframework/checker-qual/2.8.1/checker-qual-2.8.1.jar:/home/scblack/.m2/repository/com/google/errorprone/error_prone_annotations/2.3.2/error_prone_annotations-2.3.2.jar:/home/scblack/.m2/repository/com/google/j2objc/j2objc-annotations/1.3/j2objc-annotations-1.3.jar:/home/scblack/.m2/repository/org/codehaus/mojo/animal-sniffer-annotations/1.17/animal-sniffer-annotations-1.17.jar:/home/scblack/.m2/repository/com/zaxxer/HikariCP/3.3.1/HikariCP-3.3.1.jar:/home/scblack/.m2/repository/org/postgresql/postgresql/42.2.6/postgresql-42.2.6.jar:/home/scblack/.m2/repository/edu/utexas/tacc/tapis/tenants-client/1.11.0/tenants-client-1.11.0.jar:/home/scblack/.m2/repository/edu/utexas/tacc/tapis/shared/1.11.0/shared-1.11.0.jar:/home/scblack/.m2/repository/com/google/code/findbugs/jsr305/3.0.2/jsr305-3.0.2.jar:/home/scblack/.m2/repository/com/squareup/okhttp3/okhttp/4.2.2/okhttp-4.2.2.jar:/home/scblack/.m2/repository/com/squareup/okio/okio/2.2.2/okio-2.2.2.jar:/home/scblack/.m2/repository/org/jetbrains/kotlin/kotlin-stdlib/1.3.50/kotlin-stdlib-1.3.50.jar:/home/scblack/.m2/repository/org/jetbrains/kotlin/kotlin-stdlib-common/1.3.50/kotlin-stdlib-common-1.3.50.jar:/home/scblack/.m2/repository/org/jetbrains/annotations/13.0/annotations-13.0.jar:/home/scblack/.m2/repository/com/squareup/okhttp3/logging-interceptor/4.2.2/logging-interceptor-4.2.2.jar:/home/scblack/.m2/repository/io/gsonfire/gson-fire/1.8.3/gson-fire-1.8.3.jar:/home/scblack/.m2/repository/org/threeten/threetenbp/1.3.5/threetenbp-1.3.5.jar:/home/scblack/.m2/repository/javax/annotation/javax.annotation-api/1.3.2/javax.annotation-api-1.3.2.jar:/home/scblack/.m2/repository/io/swagger/swagger-annotations/1.5.24/swagger-annotations-1.5.24.jar:/home/scblack/.m2/repository/edu/utexas/tacc/tapis/tokens-client/1.11.0/tokens-client-1.11.0.jar:/home/scblack/.m2/repository/org/apache/commons/commons-lang3/3.9/commons-lang3-3.9.jar:/home/scblack/.m2/repository/jakarta/servlet/jakarta.servlet-api/4.0.2/jakarta.servlet-api-4.0.2.jar:/home/scblack/.m2/repository/org/glassfish/jersey/containers/jersey-container-servlet/2.30/jersey-container-servlet-2.30.jar:/home/scblack/.m2/repository/org/glassfish/jersey/core/jersey-server/2.30/jersey-server-2.30.jar:/home/scblack/.m2/repository/org/glassfish/jersey/core/jersey-client/2.30/jersey-client-2.30.jar:/home/scblack/.m2/repository/org/glassfish/jersey/media/jersey-media-jaxb/2.30/jersey-media-jaxb-2.30.jar:/home/scblack/.m2/repository/jakarta/validation/jakarta.validation-api/2.0.2/jakarta.validation-api-2.0.2.jar:/home/scblack/.m2/repository/jakarta/xml/bind/jakarta.xml.bind-api/2.3.2/jakarta.xml.bind-api-2.3.2.jar:/home/scblack/.m2/repository/jakarta/activation/jakarta.activation-api/1.2.1/jakarta.activation-api-1.2.1.jar:/home/scblack/.m2/repository/jakarta/ws/rs/jakarta.ws.rs-api/2.1.6/jakarta.ws.rs-api-2.1.6.jar:/home/scblack/.m2/repository/commons-io/commons-io/2.6/commons-io-2.6.jar:/home/scblack/.m2/repository/com/google/code/gson/gson/2.8.6/gson-2.8.6.jar:/home/scblack/.m2/repository/io/jsonwebtoken/jjwt-api/0.10.7/jjwt-api-0.10.7.jar:/home/scblack/.m2/repository/io/jsonwebtoken/jjwt-impl/0.10.7/jjwt-impl-0.10.7.jar:/home/scblack/.m2/repository/io/jsonwebtoken/jjwt-jackson/0.10.7/jjwt-jackson-0.10.7.jar:/home/scblack/.m2/repository/com/fasterxml/jackson/core/jackson-databind/2.10.1/jackson-databind-2.10.1.jar:/home/scblack/.m2/repository/com/fasterxml/jackson/core/jackson-core/2.10.1/jackson-core-2.10.1.jar:/home/scblack/.m2/repository/args4j/args4j/2.33/args4j-2.33.jar:/home/scblack/.m2/repository/commons-codec/commons-codec/1.12/commons-codec-1.12.jar:/home/scblack/.m2/repository/org/glassfish/jersey/containers/jersey-container-servlet-core/2.30/jersey-container-servlet-core-2.30.jar:/home/scblack/.m2/repository/org/glassfish/hk2/external/jakarta.inject/2.6.1/jakarta.inject-2.6.1.jar:/home/scblack/.m2/repository/org/glassfish/jersey/inject/jersey-hk2/2.30/jersey-hk2-2.30.jar:/home/scblack/.m2/repository/org/glassfish/hk2/hk2-locator/2.6.1/hk2-locator-2.6.1.jar:/home/scblack/.m2/repository/org/glassfish/hk2/external/aopalliance-repackaged/2.6.1/aopalliance-repackaged-2.6.1.jar:/home/scblack/.m2/repository/org/glassfish/hk2/hk2-api/2.6.1/hk2-api-2.6.1.jar:/home/scblack/.m2/repository/org/glassfish/hk2/hk2-utils/2.6.1/hk2-utils-2.6.1.jar:/home/scblack/.m2/repository/org/javassist/javassist/3.25.0-GA/javassist-3.25.0-GA.jar:/home/scblack/.m2/repository/org/glassfish/jersey/core/jersey-common/2.30/jersey-common-2.30.jar:/home/scblack/.m2/repository/jakarta/annotation/jakarta.annotation-api/1.3.5/jakarta.annotation-api-1.3.5.jar:/home/scblack/.m2/repository/org/glassfish/hk2/osgi-resource-locator/1.0.3/osgi-resource-locator-1.0.3.jar:/home/scblack/.m2/repository/com/sun/activation/jakarta.activation/1.2.1/jakarta.activation-1.2.1.jar:/home/scblack/.m2/repository/javax/xml/bind/jaxb-api/2.3.1/jaxb-api-2.3.1.jar:/home/scblack/.m2/repository/javax/activation/javax.activation-api/1.2.0/javax.activation-api-1.2.0.jar:/home/scblack/.m2/repository/com/sun/xml/bind/jaxb-core/2.3.0.1/jaxb-core-2.3.0.1.jar:/home/scblack/.m2/repository/com/sun/xml/bind/jaxb-impl/2.3.2/jaxb-impl-2.3.2.jar:/home/scblack/.m2/repository/javax/activation/activation/1.1.1/activation-1.1.1.jar:/home/scblack/.m2/repository/io/swagger/core/v3/swagger-core/2.0.10/swagger-core-2.0.10.jar:/home/scblack/.m2/repository/com/fasterxml/jackson/core/jackson-annotations/2.10.1/jackson-annotations-2.10.1.jar:/home/scblack/.m2/repository/com/fasterxml/jackson/dataformat/jackson-dataformat-yaml/2.9.10/jackson-dataformat-yaml-2.9.10.jar:/home/scblack/.m2/repository/org/yaml/snakeyaml/1.26/snakeyaml-1.26.jar:/home/scblack/.m2/repository/com/fasterxml/jackson/datatype/jackson-datatype-jsr310/2.10.1/jackson-datatype-jsr310-2.10.1.jar:/home/scblack/.m2/repository/io/swagger/core/v3/swagger-models/2.0.10/swagger-models-2.0.10.jar:/home/scblack/.m2/repository/javax/validation/validation-api/1.1.0.Final/validation-api-1.1.0.Final.jar:/home/scblack/.m2/repository/io/swagger/core/v3/swagger-jaxrs2/2.0.10/swagger-jaxrs2-2.0.10.jar:/home/scblack/.m2/repository/io/github/classgraph/classgraph/4.6.32/classgraph-4.6.32.jar:/home/scblack/.m2/repository/io/swagger/core/v3/swagger-integration/2.0.10/swagger-integration-2.0.10.jar:/home/scblack/.m2/repository/com/fasterxml/jackson/jaxrs/jackson-jaxrs-json-provider/2.9.10/jackson-jaxrs-json-provider-2.9.10.jar:/home/scblack/.m2/repository/com/fasterxml/jackson/jaxrs/jackson-jaxrs-base/2.9.10/jackson-jaxrs-base-2.9.10.jar:/home/scblack/.m2/repository/com/fasterxml/jackson/module/jackson-module-jaxb-annotations/2.9.10/jackson-module-jaxb-annotations-2.9.10.jar:/home/scblack/.m2/repository/io/swagger/core/v3/swagger-annotations/2.0.10/swagger-annotations-2.0.10.jar:/home/scblack/.m2/repository/org/testng/testng/6.14.3/testng-6.14.3.jar:/home/scblack/.m2/repository/com/beust/jcommander/1.72/jcommander-1.72.jar:/home/scblack/.m2/repository/org/apache-extras/beanshell/bsh/2.0b6/bsh-2.0b6.jar:"/>
    <property name="java.vm.vendor" value="Oracle Corporation"/>
    <property name="sun.arch.data.model" value="64"/>
    <property name="java.vendor.url" value="https://java.oracle.com/"/>
    <property name="os.name" value="Linux"/>
    <property name="java.vm.specification.version" value="13"/>
    <property name="sun.java.launcher" value="SUN_STANDARD"/>
    <property name="user.country" value="US"/>
    <property name="sun.boot.library.path" value="/usr/lib/jvm/jdk-13.0.1/lib"/>
    <property name="sun.java.command" value="/home/scblack/src_git/github/dev2/tapis-shared-java/tapis-shared-api/target/surefire/surefirebooter16497518802538049491.jar /home/scblack/src_git/github/dev2/tapis-shared-java/tapis-shared-api/target/surefire 2020-09-14T18-38-18_304-jvmRun1 surefire10501027082202461148tmp surefire_28575761587781674900tmp"/>
    <property name="jdk.debug" value="release"/>
    <property name="surefire.test.class.path" value="/home/scblack/src_git/github/dev2/tapis-shared-java/tapis-shared-api/target/test-classes:/home/scblack/src_git/github/dev2/tapis-shared-java/tapis-shared-api/target/classes:/home/scblack/src_git/github/dev2/tapis-shared-java/tapis-shared-lib/target/lib.jar:/home/scblack/.m2/repository/ch/qos/logback/logback-classic/1.2.3/logback-classic-1.2.3.jar:/home/scblack/.m2/repository/ch/qos/logback/logback-core/1.2.3/logback-core-1.2.3.jar:/home/scblack/.m2/repository/org/slf4j/slf4j-api/1.7.25/slf4j-api-1.7.25.jar:/home/scblack/.m2/repository/com/sun/mail/javax.mail/1.6.2/javax.mail-1.6.2.jar:/home/scblack/.m2/repository/com/github/everit-org/json-schema/org.everit.json.schema/1.12.1/org.everit.json.schema-1.12.1.jar:/home/scblack/.m2/repository/org/json/json/20190722/json-20190722.jar:/home/scblack/.m2/repository/commons-validator/commons-validator/1.6/commons-validator-1.6.jar:/home/scblack/.m2/repository/commons-digester/commons-digester/1.8.1/commons-digester-1.8.1.jar:/home/scblack/.m2/repository/commons-logging/commons-logging/1.2/commons-logging-1.2.jar:/home/scblack/.m2/repository/commons-collections/commons-collections/3.2.2/commons-collections-3.2.2.jar:/home/scblack/.m2/repository/com/damnhandy/handy-uri-templates/2.1.8/handy-uri-templates-2.1.8.jar:/home/scblack/.m2/repository/joda-time/joda-time/2.10.2/joda-time-2.10.2.jar:/home/scblack/.m2/repository/com/google/re2j/re2j/1.3/re2j-1.3.jar:/home/scblack/.m2/repository/com/google/guava/guava/28.0-jre/guava-28.0-jre.jar:/home/scblack/.m2/repository/com/google/guava/failureaccess/1.0.1/failureaccess-1.0.1.jar:/home/scblack/.m2/repository/com/google/guava/listenablefuture/9999.0-empty-to-avoid-conflict-with-guava/listenablefuture-9999.0-empty-to-avoid-conflict-with-guava.jar:/home/scblack/.m2/repository/org/checkerframework/checker-qual/2.8.1/checker-qual-2.8.1.jar:/home/scblack/.m2/repository/com/google/errorprone/error_prone_annotations/2.3.2/error_prone_annotations-2.3.2.jar:/home/scblack/.m2/repository/com/google/j2objc/j2objc-annotations/1.3/j2objc-annotations-1.3.jar:/home/scblack/.m2/repository/org/codehaus/mojo/animal-sniffer-annotations/1.17/animal-sniffer-annotations-1.17.jar:/home/scblack/.m2/repository/com/zaxxer/HikariCP/3.3.1/HikariCP-3.3.1.jar:/home/scblack/.m2/repository/org/postgresql/postgresql/42.2.6/postgresql-42.2.6.jar:/home/scblack/.m2/repository/edu/utexas/tacc/tapis/tenants-client/1.11.0/tenants-client-1.11.0.jar:/home/scblack/.m2/repository/edu/utexas/tacc/tapis/shared/1.11.0/shared-1.11.0.jar:/home/scblack/.m2/repository/com/google/code/findbugs/jsr305/3.0.2/jsr305-3.0.2.jar:/home/scblack/.m2/repository/com/squareup/okhttp3/okhttp/4.2.2/okhttp-4.2.2.jar:/home/scblack/.m2/repository/com/squareup/okio/okio/2.2.2/okio-2.2.2.jar:/home/scblack/.m2/repository/org/jetbrains/kotlin/kotlin-stdlib/1.3.50/kotlin-stdlib-1.3.50.jar:/home/scblack/.m2/repository/org/jetbrains/kotlin/kotlin-stdlib-common/1.3.50/kotlin-stdlib-common-1.3.50.jar:/home/scblack/.m2/repository/org/jetbrains/annotations/13.0/annotations-13.0.jar:/home/scblack/.m2/repository/com/squareup/okhttp3/logging-interceptor/4.2.2/logging-interceptor-4.2.2.jar:/home/scblack/.m2/repository/io/gsonfire/gson-fire/1.8.3/gson-fire-1.8.3.jar:/home/scblack/.m2/repository/org/threeten/threetenbp/1.3.5/threetenbp-1.3.5.jar:/home/scblack/.m2/repository/javax/annotation/javax.annotation-api/1.3.2/javax.annotation-api-1.3.2.jar:/home/scblack/.m2/repository/io/swagger/swagger-annotations/1.5.24/swagger-annotations-1.5.24.jar:/home/scblack/.m2/repository/edu/utexas/tacc/tapis/tokens-client/1.11.0/tokens-client-1.11.0.jar:/home/scblack/.m2/repository/org/apache/commons/commons-lang3/3.9/commons-lang3-3.9.jar:/home/scblack/.m2/repository/jakarta/servlet/jakarta.servlet-api/4.0.2/jakarta.servlet-api-4.0.2.jar:/home/scblack/.m2/repository/org/glassfish/jersey/containers/jersey-container-servlet/2.30/jersey-container-servlet-2.30.jar:/home/scblack/.m2/repository/org/glassfish/jersey/core/jersey-server/2.30/jersey-server-2.30.jar:/home/scblack/.m2/repository/org/glassfish/jersey/core/jersey-client/2.30/jersey-client-2.30.jar:/home/scblack/.m2/repository/org/glassfish/jersey/media/jersey-media-jaxb/2.30/jersey-media-jaxb-2.30.jar:/home/scblack/.m2/repository/jakarta/validation/jakarta.validation-api/2.0.2/jakarta.validation-api-2.0.2.jar:/home/scblack/.m2/repository/jakarta/xml/bind/jakarta.xml.bind-api/2.3.2/jakarta.xml.bind-api-2.3.2.jar:/home/scblack/.m2/repository/jakarta/activation/jakarta.activation-api/1.2.1/jakarta.activation-api-1.2.1.jar:/home/scblack/.m2/repository/jakarta/ws/rs/jakarta.ws.rs-api/2.1.6/jakarta.ws.rs-api-2.1.6.jar:/home/scblack/.m2/repository/commons-io/commons-io/2.6/commons-io-2.6.jar:/home/scblack/.m2/repository/com/google/code/gson/gson/2.8.6/gson-2.8.6.jar:/home/scblack/.m2/repository/io/jsonwebtoken/jjwt-api/0.10.7/jjwt-api-0.10.7.jar:/home/scblack/.m2/repository/io/jsonwebtoken/jjwt-impl/0.10.7/jjwt-impl-0.10.7.jar:/home/scblack/.m2/repository/io/jsonwebtoken/jjwt-jackson/0.10.7/jjwt-jackson-0.10.7.jar:/home/scblack/.m2/repository/com/fasterxml/jackson/core/jackson-databind/2.10.1/jackson-databind-2.10.1.jar:/home/scblack/.m2/repository/com/fasterxml/jackson/core/jackson-core/2.10.1/jackson-core-2.10.1.jar:/home/scblack/.m2/repository/args4j/args4j/2.33/args4j-2.33.jar:/home/scblack/.m2/repository/commons-codec/commons-codec/1.12/commons-codec-1.12.jar:/home/scblack/.m2/repository/org/glassfish/jersey/containers/jersey-container-servlet-core/2.30/jersey-container-servlet-core-2.30.jar:/home/scblack/.m2/repository/org/glassfish/hk2/external/jakarta.inject/2.6.1/jakarta.inject-2.6.1.jar:/home/scblack/.m2/repository/org/glassfish/jersey/inject/jersey-hk2/2.30/jersey-hk2-2.30.jar:/home/scblack/.m2/repository/org/glassfish/hk2/hk2-locator/2.6.1/hk2-locator-2.6.1.jar:/home/scblack/.m2/repository/org/glassfish/hk2/external/aopalliance-repackaged/2.6.1/aopalliance-repackaged-2.6.1.jar:/home/scblack/.m2/repository/org/glassfish/hk2/hk2-api/2.6.1/hk2-api-2.6.1.jar:/home/scblack/.m2/repository/org/glassfish/hk2/hk2-utils/2.6.1/hk2-utils-2.6.1.jar:/home/scblack/.m2/repository/org/javassist/javassist/3.25.0-GA/javassist-3.25.0-GA.jar:/home/scblack/.m2/repository/org/glassfish/jersey/core/jersey-common/2.30/jersey-common-2.30.jar:/home/scblack/.m2/repository/jakarta/annotation/jakarta.annotation-api/1.3.5/jakarta.annotation-api-1.3.5.jar:/home/scblack/.m2/repository/org/glassfish/hk2/osgi-resource-locator/1.0.3/osgi-resource-locator-1.0.3.jar:/home/scblack/.m2/repository/com/sun/activation/jakarta.activation/1.2.1/jakarta.activation-1.2.1.jar:/home/scblack/.m2/repository/javax/xml/bind/jaxb-api/2.3.1/jaxb-api-2.3.1.jar:/home/scblack/.m2/repository/javax/activation/javax.activation-api/1.2.0/javax.activation-api-1.2.0.jar:/home/scblack/.m2/repository/com/sun/xml/bind/jaxb-core/2.3.0.1/jaxb-core-2.3.0.1.jar:/home/scblack/.m2/repository/com/sun/xml/bind/jaxb-impl/2.3.2/jaxb-impl-2.3.2.jar:/home/scblack/.m2/repository/javax/activation/activation/1.1.1/activation-1.1.1.jar:/home/scblack/.m2/repository/io/swagger/core/v3/swagger-core/2.0.10/swagger-core-2.0.10.jar:/home/scblack/.m2/repository/com/fasterxml/jackson/core/jackson-annotations/2.10.1/jackson-annotations-2.10.1.jar:/home/scblack/.m2/repository/com/fasterxml/jackson/dataformat/jackson-dataformat-yaml/2.9.10/jackson-dataformat-yaml-2.9.10.jar:/home/scblack/.m2/repository/org/yaml/snakeyaml/1.26/snakeyaml-1.26.jar:/home/scblack/.m2/repository/com/fasterxml/jackson/datatype/jackson-datatype-jsr310/2.10.1/jackson-datatype-jsr310-2.10.1.jar:/home/scblack/.m2/repository/io/swagger/core/v3/swagger-models/2.0.10/swagger-models-2.0.10.jar:/home/scblack/.m2/repository/javax/validation/validation-api/1.1.0.Final/validation-api-1.1.0.Final.jar:/home/scblack/.m2/repository/io/swagger/core/v3/swagger-jaxrs2/2.0.10/swagger-jaxrs2-2.0.10.jar:/home/scblack/.m2/repository/io/github/classgraph/classgraph/4.6.32/classgraph-4.6.32.jar:/home/scblack/.m2/repository/io/swagger/core/v3/swagger-integration/2.0.10/swagger-integration-2.0.10.jar:/home/scblack/.m2/repository/com/fasterxml/jackson/jaxrs/jackson-jaxrs-json-provider/2.9.10/jackson-jaxrs-json-provider-2.9.10.jar:/home/scblack/.m2/repository/com/fasterxml/jackson/jaxrs/jackson-jaxrs-base/2.9.10/jackson-jaxrs-base-2.9.10.jar:/home/scblack/.m2/repository/com/fasterxml/jackson/module/jackson-module-jaxb-annotations/2.9.10/jackson-module-jaxb-annotations-2.9.10.jar:/home/scblack/.m2/repository/io/swagger/core/v3/swagger-annotations/2.0.10/swagger-annotations-2.0.10.jar:/home/scblack/.m2/repository/org/testng/testng/6.14.3/testng-6.14.3.jar:/home/scblack/.m2/repository/com/beust/jcommander/1.72/jcommander-1.72.jar:/home/scblack/.m2/repository/org/apache-extras/beanshell/bsh/2.0b6/bsh-2.0b6.jar:"/>
    <property name="sun.cpu.endian" value="little"/>
    <property name="user.home" value="/home/scblack"/>
    <property name="user.language" value="en"/>
    <property name="java.specification.vendor" value="Oracle Corporation"/>
    <property name="java.version.date" value="2019-10-15"/>
    <property name="java.home" value="/usr/lib/jvm/jdk-13.0.1"/>
    <property name="file.separator" value="/"/>
    <property name="basedir" value="/home/scblack/src_git/github/dev2/tapis-shared-java/tapis-shared-api"/>
    <property name="java.vm.compressedOopsMode" value="Zero based"/>
    <property name="line.separator" value="&#10;"/>
    <property name="java.vm.specification.vendor" value="Oracle Corporation"/>
    <property name="java.specification.name" value="Java Platform API Specification"/>
    <property name="surefire.real.class.path" value="/home/scblack/src_git/github/dev2/tapis-shared-java/tapis-shared-api/target/surefire/surefirebooter16497518802538049491.jar"/>
    <property name="sun.management.compiler" value="HotSpot 64-Bit Tiered Compilers"/>
    <property name="java.runtime.version" value="13.0.1+9"/>
    <property name="user.name" value="scblack"/>
    <property name="path.separator" value=":"/>
    <property name="os.version" value="5.4.0-47-generic"/>
    <property name="java.runtime.name" value="OpenJDK Runtime Environment"/>
    <property name="file.encoding" value="UTF-8"/>
    <property name="java.vm.name" value="OpenJDK 64-Bit Server VM"/>
    <property name="localRepository" value="/home/scblack/.m2/repository"/>
    <property name="java.vendor.url.bug" value="https://bugreport.java.com/bugreport/"/>
    <property name="java.io.tmpdir" value="/tmp"/>
    <property name="java.version" value="13.0.1"/>
    <property name="user.dir" value="/home/scblack/src_git/github/dev2/tapis-shared-java/tapis-shared-api"/>
    <property name="os.arch" value="amd64"/>
    <property name="java.vm.specification.name" value="Java Virtual Machine Specification"/>
    <property name="java.library.path" value="/usr/java/packages/lib:/usr/lib64:/lib64:/lib:/usr/lib"/>
    <property name="java.vm.info" value="mixed mode, sharing"/>
    <property name="java.vendor" value="Oracle Corporation"/>
    <property name="java.vm.version" value="13.0.1+9"/>
    <property name="sun.io.unicode.encoding" value="UnicodeLittle"/>
    <property name="java.class.version" value="57.0"/>
  </properties>
  <testcase name="createKeyTest" classname="edu.utexas.tacc.tapis.sharedapi.keys.CreateKeyTest" time="0.86"/>
  <testcase name="useKeyGen" classname="edu.utexas.tacc.tapis.sharedapi.jwt.JJWTTestNGTest" time="1.966"/>
  <testcase name="ResponseWrapperTest1" classname="edu.utexas.tacc.tapis.sharedapi.dto.ResponseWrapperTest" time="0.034"/>
  <testcase name="ResponseWrapperTest2" classname="edu.utexas.tacc.tapis.sharedapi.dto.ResponseWrapperTest" time="0.001"/>
  <testcase name="ResponseWrapperTest3" classname="edu.utexas.tacc.tapis.sharedapi.dto.ResponseWrapperTest" time="0.001"/>
  <testcase name="ResponseWrapperTest4" classname="edu.utexas.tacc.tapis.sharedapi.dto.ResponseWrapperTest" time="0.001"/>
  <testcase name="ResponseWrapperTest5" classname="edu.utexas.tacc.tapis.sharedapi.dto.ResponseWrapperTest" time="0.001"/>
</testsuite>